[debug] [2022-02-28T08:20:48.845Z] ----------------------------------------------------------------------
[debug] [2022-02-28T08:20:48.848Z] Command:       /usr/bin/node /usr/local/bin/firebase deploy
[debug] [2022-02-28T08:20:48.848Z] CLI Version:   10.2.0
[debug] [2022-02-28T08:20:48.849Z] Platform:      linux
[debug] [2022-02-28T08:20:48.849Z] Node Version:  v12.22.5
[debug] [2022-02-28T08:20:48.850Z] Time:          Mon Feb 28 2022 13:50:48 GMT+0530 (India Standard Time)
[debug] [2022-02-28T08:20:48.850Z] ----------------------------------------------------------------------
[debug] 
[debug] [2022-02-28T08:20:48.917Z] > command requires scopes: ["email","openid","https://www.googleapis.com/auth/cloudplatformprojects.readonly","https://www.googleapis.com/auth/firebase","https://www.googleapis.com/auth/cloud-platform"]
[debug] [2022-02-28T08:20:48.917Z] > authorizing via signed-in user (deveshtulshyan@gmail.com)
[debug] [2022-02-28T08:20:48.917Z] [iam] checking project linkedin-clone-devesh for permissions ["firebase.projects.get","firebasehosting.sites.update"]
[debug] [2022-02-28T08:20:48.920Z] > refreshing access token with scopes: []
[debug] [2022-02-28T08:20:48.920Z] >>> HTTP REQUEST POST https://www.googleapis.com/oauth2/v3/token  
 <request body omitted>
[debug] [2022-02-28T08:20:49.268Z] <<< HTTP RESPONSE 200 {"expires":"Mon, 01 Jan 1990 00:00:00 GMT","cache-control":"no-cache, no-store, max-age=0, must-revalidate","pragma":"no-cache","date":"Mon, 28 Feb 2022 08:20:49 GMT","content-type":"application/json; charset=utf-8","vary":"X-Origin, Referer, Origin,Accept-Encoding","server":"scaffolding on HTTPServer2","x-xss-protection":"0","x-frame-options":"SAMEORIGIN","x-content-type-options":"nosniff","alt-svc":"h3=\":443\"; ma=2592000,h3-29=\":443\"; ma=2592000,h3-Q050=\":443\"; ma=2592000,h3-Q046=\":443\"; ma=2592000,h3-Q043=\":443\"; ma=2592000,quic=\":443\"; ma=2592000; v=\"46,43\"","accept-ranges":"none","transfer-encoding":"chunked"}
[debug] [2022-02-28T08:20:49.349Z] >>> [apiv2][query] POST https://cloudresourcemanager.googleapis.com/v1/projects/linkedin-clone-devesh:testIamPermissions [none]
[debug] [2022-02-28T08:20:49.349Z] >>> [apiv2][body] POST https://cloudresourcemanager.googleapis.com/v1/projects/linkedin-clone-devesh:testIamPermissions {"permissions":["firebase.projects.get","firebasehosting.sites.update"]}
[debug] [2022-02-28T08:20:50.989Z] <<< [apiv2][status] POST https://cloudresourcemanager.googleapis.com/v1/projects/linkedin-clone-devesh:testIamPermissions 200
[debug] [2022-02-28T08:20:50.990Z] <<< [apiv2][body] POST https://cloudresourcemanager.googleapis.com/v1/projects/linkedin-clone-devesh:testIamPermissions {"permissions":["firebase.projects.get","firebasehosting.sites.update"]}
[debug] [2022-02-28T08:20:50.991Z] >>> [apiv2][query] GET https://firebase.googleapis.com/v1beta1/projects/linkedin-clone-devesh [none]
[debug] [2022-02-28T08:20:51.692Z] <<< [apiv2][status] GET https://firebase.googleapis.com/v1beta1/projects/linkedin-clone-devesh 200
[debug] [2022-02-28T08:20:51.692Z] <<< [apiv2][body] GET https://firebase.googleapis.com/v1beta1/projects/linkedin-clone-devesh {"projectId":"linkedin-clone-devesh","projectNumber":"636310907926","displayName":"linkedin-clone-devesh","name":"projects/linkedin-clone-devesh","resources":{"hostingSite":"linkedin-clone-devesh","storageBucket":"linkedin-clone-devesh.appspot.com","locationId":"asia-southeast1"},"state":"ACTIVE"}
[info] 
[info] === Deploying to 'linkedin-clone-devesh'...
[info] 
[info] i  deploying hosting 
[debug] [2022-02-28T08:20:51.698Z] > refreshing access token with scopes: ["email","https://www.googleapis.com/auth/cloud-platform","https://www.googleapis.com/auth/cloudplatformprojects.readonly","https://www.googleapis.com/auth/firebase","openid"]
[debug] [2022-02-28T08:20:51.698Z] >>> HTTP REQUEST POST https://www.googleapis.com/oauth2/v3/token  
 <request body omitted>
[debug] [2022-02-28T08:20:51.983Z] <<< HTTP RESPONSE 200 {"pragma":"no-cache","cache-control":"no-cache, no-store, max-age=0, must-revalidate","date":"Mon, 28 Feb 2022 08:20:52 GMT","expires":"Mon, 01 Jan 1990 00:00:00 GMT","content-type":"application/json; charset=utf-8","vary":"X-Origin, Referer, Origin,Accept-Encoding","server":"scaffolding on HTTPServer2","x-xss-protection":"0","x-frame-options":"SAMEORIGIN","x-content-type-options":"nosniff","alt-svc":"h3=\":443\"; ma=2592000,h3-29=\":443\"; ma=2592000,h3-Q050=\":443\"; ma=2592000,h3-Q046=\":443\"; ma=2592000,h3-Q043=\":443\"; ma=2592000,quic=\":443\"; ma=2592000; v=\"46,43\"","accept-ranges":"none","transfer-encoding":"chunked"}
[debug] [2022-02-28T08:20:52.041Z] >>> HTTP REQUEST POST https://firebasehosting.googleapis.com/v1beta1/sites/linkedin-clone-devesh/versions  
 {"config":{"rewrites":[{"glob":"**","path":"/index.html"}]},"labels":{"deployment-tool":"cli-firebase"}}
[debug] [2022-02-28T08:20:54.111Z] <<< HTTP RESPONSE 200 {"content-type":"application/json; charset=UTF-8","vary":"X-Origin, Referer, Origin,Accept-Encoding","date":"Mon, 28 Feb 2022 08:20:54 GMT","server":"ESF","cache-control":"private","x-xss-protection":"0","x-frame-options":"SAMEORIGIN","x-content-type-options":"nosniff","alt-svc":"h3=\":443\"; ma=2592000,h3-29=\":443\"; ma=2592000,h3-Q050=\":443\"; ma=2592000,h3-Q046=\":443\"; ma=2592000,h3-Q043=\":443\"; ma=2592000,quic=\":443\"; ma=2592000; v=\"46,43\"","accept-ranges":"none","transfer-encoding":"chunked"}
[info] i  hosting[linkedin-clone-devesh]: beginning deploy... 
[info] i  hosting[linkedin-clone-devesh]: found 10 files in build 
[debug] [2022-02-28T08:20:54.630Z] > refreshing access token with scopes: []
[debug] [2022-02-28T08:20:54.630Z] >>> HTTP REQUEST POST https://www.googleapis.com/oauth2/v3/token  
 <request body omitted>
[debug] [2022-02-28T08:20:54.631Z] [hosting] hash cache [YnVpbGQ] stored for 10 files
[debug] [2022-02-28T08:20:54.631Z] [hosting][hash queue][FINAL] {"max":472,"min":5,"avg":57.8,"active":0,"complete":10,"success":10,"errored":0,"retried":0,"total":10,"elapsed":478}
[debug] [2022-02-28T08:20:54.930Z] <<< HTTP RESPONSE 200 {"pragma":"no-cache","expires":"Mon, 01 Jan 1990 00:00:00 GMT","date":"Mon, 28 Feb 2022 08:20:55 GMT","cache-control":"no-cache, no-store, max-age=0, must-revalidate","content-type":"application/json; charset=utf-8","vary":"X-Origin, Referer, Origin,Accept-Encoding","server":"scaffolding on HTTPServer2","x-xss-protection":"0","x-frame-options":"SAMEORIGIN","x-content-type-options":"nosniff","alt-svc":"h3=\":443\"; ma=2592000,h3-29=\":443\"; ma=2592000,h3-Q050=\":443\"; ma=2592000,h3-Q046=\":443\"; ma=2592000,h3-Q043=\":443\"; ma=2592000,quic=\":443\"; ma=2592000; v=\"46,43\"","accept-ranges":"none","transfer-encoding":"chunked"}
[debug] [2022-02-28T08:20:55.009Z] >>> [apiv2][query] POST https://firebasehosting.googleapis.com/v1beta1/sites/linkedin-clone-devesh/versions/c657459f4aa425ce:populateFiles [none]
[debug] [2022-02-28T08:20:55.009Z] >>> [apiv2][body] POST https://firebasehosting.googleapis.com/v1beta1/sites/linkedin-clone-devesh/versions/c657459f4aa425ce:populateFiles {"files":{"/asset-manifest.json":"04720e4fb2b33c69cfefb3e69ecca27f5501e1fcaefb13e972ec498cb792df78","/index.html":"f46e64722dafd15b4f80f23f2602758b79371d4cad89c2fb411081a0c5183560","/favicon.ico":"a0348f1dd0946da71d0bee5e1b00ee300e27e3359b06284f26dbc5345e2cb203","/manifest.json":"ed7b98046be74c7d1476b73ebb8cd1f00c2b34443af1525af60b9dd20be9fb9a","/static/css/main.9b88f973.css":"2e1d62627b90c8e08a3f24ef3bae0abedc2bff5394f2a3b0438d9e21c3219466","/robots.txt":"9486af852ce71d8ddbb9bc5bd6f7a3e45740f8c66ee724d1ae2bcc4dd7d3ded0","/static/js/main.b40bf564.js.LICENSE.txt":"998097352a17052deedf37a49146adc5272084cdeba270ebc70a01edde5fc5d6","/static/css/main.9b88f973.css.map":"8ecc04b96a46412a95d21c7031ee5aac35f51b8826d5b19f80275f7e95df8c12","/static/js/main.b40bf564.js":"d7e56e9e510f24aa0208bf1f53c4b7a09dd92e92dd7f0774f28ffb67c27a8174","/static/js/main.b40bf564.js.map":"161d08c8e74e10c3cb67596af906476bbd09e0a6aeaf0c977ef0783036028b18"}}
